[debug] [2025-06-05T07:35:52.499Z] ----------------------------------------------------------------------
[debug] [2025-06-05T07:35:52.509Z] Command:       C:\Program Files\nodejs\node.exe C:\Users\THIS PC\AppData\Roaming\npm\node_modules\firebase-tools\lib\bin\firebase.js firestore:delete sensor2 --recursive
[debug] [2025-06-05T07:35:52.509Z] CLI Version:   14.5.1
[debug] [2025-06-05T07:35:52.509Z] Platform:      win32
[debug] [2025-06-05T07:35:52.509Z] Node Version:  v22.14.0
[debug] [2025-06-05T07:35:52.510Z] Time:          Thu Jun 05 2025 15:35:52 GMT+0800 (Philippine Standard Time)
[debug] [2025-06-05T07:35:52.510Z] ----------------------------------------------------------------------
[debug] 
[debug] [2025-06-05T07:35:52.512Z] >>> [apiv2][query] GET https://firebase-public.firebaseio.com/cli.json [none]
[debug] [2025-06-05T07:35:52.846Z] > command requires scopes: ["email","openid","https://www.googleapis.com/auth/cloudplatformprojects.readonly","https://www.googleapis.com/auth/firebase","https://www.googleapis.com/auth/cloud-platform"]
[debug] [2025-06-05T07:35:52.847Z] > authorizing via signed-in user (markdaveako@gmail.com)
[debug] [2025-06-05T07:35:52.847Z] [iam] checking project cocotap-7d09a for permissions ["datastore.entities.delete","datastore.entities.list","firebase.projects.get"]
[debug] [2025-06-05T07:35:52.848Z] Checked if tokens are valid: false, expires at: 1749044461537
[debug] [2025-06-05T07:35:52.848Z] Checked if tokens are valid: false, expires at: 1749044461537
[debug] [2025-06-05T07:35:52.848Z] > refreshing access token with scopes: []
[debug] [2025-06-05T07:35:52.849Z] >>> [apiv2][query] POST https://www.googleapis.com/oauth2/v3/token [none]
[debug] [2025-06-05T07:35:52.849Z] >>> [apiv2][body] POST https://www.googleapis.com/oauth2/v3/token [omitted]
[debug] [2025-06-05T07:35:53.138Z] <<< [apiv2][status] POST https://www.googleapis.com/oauth2/v3/token 200
[debug] [2025-06-05T07:35:53.138Z] <<< [apiv2][body] POST https://www.googleapis.com/oauth2/v3/token [omitted]
[debug] [2025-06-05T07:35:53.146Z] >>> [apiv2][query] POST https://cloudresourcemanager.googleapis.com/v1/projects/cocotap-7d09a:testIamPermissions [none]
[debug] [2025-06-05T07:35:53.146Z] >>> [apiv2][(partial)header] POST https://cloudresourcemanager.googleapis.com/v1/projects/cocotap-7d09a:testIamPermissions x-goog-quota-user=projects/cocotap-7d09a
[debug] [2025-06-05T07:35:53.146Z] >>> [apiv2][body] POST https://cloudresourcemanager.googleapis.com/v1/projects/cocotap-7d09a:testIamPermissions {"permissions":["datastore.entities.delete","datastore.entities.list","firebase.projects.get"]}
[debug] [2025-06-05T07:35:53.339Z] <<< [apiv2][status] GET https://firebase-public.firebaseio.com/cli.json 200
[debug] [2025-06-05T07:35:53.339Z] <<< [apiv2][body] GET https://firebase-public.firebaseio.com/cli.json {"cloudBuildErrorAfter":1594252800000,"cloudBuildWarnAfter":1590019200000,"defaultNode10After":1594252800000,"minVersion":"3.0.5","node8DeploysDisabledAfter":1613390400000,"node8RuntimeDisabledAfter":1615809600000,"node8WarnAfter":1600128000000}
[debug] [2025-06-05T07:35:54.257Z] <<< [apiv2][status] POST https://cloudresourcemanager.googleapis.com/v1/projects/cocotap-7d09a:testIamPermissions 200
[debug] [2025-06-05T07:35:54.258Z] <<< [apiv2][body] POST https://cloudresourcemanager.googleapis.com/v1/projects/cocotap-7d09a:testIamPermissions {"permissions":["datastore.entities.delete","datastore.entities.list","firebase.projects.get"]}
